0 info it worked if it ends with ok
1 verbose cli [ 'C:\\Program Files\\nodejs\\node.exe',
1 verbose cli   'C:\\Program Files\\nodejs\\node_modules\\npm\\bin\\npm-cli.js',
1 verbose cli   'run',
1 verbose cli   'android_dev' ]
2 info using npm@3.10.10
3 info using node@v7.3.0
4 verbose run-script [ 'preandroid_dev', 'android_dev', 'postandroid_dev' ]
5 info lifecycle cordova-react-onsenui-starter@1.0.0~preandroid_dev: cordova-react-onsenui-starter@1.0.0
6 silly lifecycle cordova-react-onsenui-starter@1.0.0~preandroid_dev: no script for preandroid_dev, continuing
7 info lifecycle cordova-react-onsenui-starter@1.0.0~android_dev: cordova-react-onsenui-starter@1.0.0
8 verbose lifecycle cordova-react-onsenui-starter@1.0.0~android_dev: unsafe-perm in lifecycle true
9 verbose lifecycle cordova-react-onsenui-starter@1.0.0~android_dev: PATH: C:\Program Files\nodejs\node_modules\npm\bin\node-gyp-bin;C:\Users\Yv\Documents\yv\project\cordova-react-starter\node_modules\.bin;C:\Program Files\Docker\Docker\Resources\bin;C:\Windows\System32\;C:\ProgramData\Oracle\Java\javapath;C:\Python27\;C:\Python27\Scripts;C:\Program Files (x86)\Lenovo\FusionEngine;C:\WINDOWS\system32;C:\WINDOWS;C:\WINDOWS\System32\Wbem;C:\WINDOWS\System32\WindowsPowerShell\v1.0\;C:\Program Files (x86)\Common Files\lenovo\easyplussdk\bin;C:\Program Files\Intel\WiFi\bin\;C:\Program Files\Common Files\Intel\WirelessCommon\;C:\Program Files\Git\cmd;C:\Program Files (x86)\Brackets\command;C:\Program Files (x86)\Heroku\bin;C:\Program Files (x86)\git\cmd;C:\Program Files (x86)\Git\cmd;C:\Program Files\Sublime Text 3;C:\ProgramData\chocolatey\bin;C:\Program Files\nodejs\;C:\Program Files (x86)\Yarn\bin;C:\Program Files (x86)\Microsoft Emulator Manager\1.0\;C:\Program Files (x86)\GitExtensions\;C:\Program Files (x86)\Windows Kits\8.1\Windows Performance Toolkit\;C:\Program Files (x86)\Windows Kits\10\Windows Performance Toolkit\;C:\Program Files (x86)\Skype\Phone\;C:\Users\Yv\AppData\Local\Microsoft\WindowsApps;C:\Users\Yv\AppData\Roaming\npm;C:\Users\Yv\AppData\Local\Yarn\.bin;C:\Users\Yv\AppData\Local\Android\sdk\tools;C:\Users\Yv\AppData\Local\Android\sdk\platform-tools;C:\Users\Yv\AppData\Local\atom\bin;C:\Windows\System32\;C:\Users\Yv\AppData\Local\Microsoft\WindowsApps;;C:\Program Files (x86)\Microsoft VS Code\bin
10 verbose lifecycle cordova-react-onsenui-starter@1.0.0~android_dev: CWD: C:\Users\Yv\Documents\yv\project\cordova-react-starter
11 silly lifecycle cordova-react-onsenui-starter@1.0.0~android_dev: Args: [ '/d /s /c',
11 silly lifecycle   'webpack --config webpack-dev.config.js --progress --colors && cordova run android' ]
12 silly lifecycle cordova-react-onsenui-starter@1.0.0~android_dev: Returned: code: 1  signal: null
13 info lifecycle cordova-react-onsenui-starter@1.0.0~android_dev: Failed to exec android_dev script
14 verbose stack Error: cordova-react-onsenui-starter@1.0.0 android_dev: `webpack --config webpack-dev.config.js --progress --colors && cordova run android`
14 verbose stack Exit status 1
14 verbose stack     at EventEmitter.<anonymous> (C:\Program Files\nodejs\node_modules\npm\lib\utils\lifecycle.js:255:16)
14 verbose stack     at emitTwo (events.js:106:13)
14 verbose stack     at EventEmitter.emit (events.js:191:7)
14 verbose stack     at ChildProcess.<anonymous> (C:\Program Files\nodejs\node_modules\npm\lib\utils\spawn.js:40:14)
14 verbose stack     at emitTwo (events.js:106:13)
14 verbose stack     at ChildProcess.emit (events.js:191:7)
14 verbose stack     at maybeClose (internal/child_process.js:885:16)
14 verbose stack     at Process.ChildProcess._handle.onexit (internal/child_process.js:226:5)
15 verbose pkgid cordova-react-onsenui-starter@1.0.0
16 verbose cwd C:\Users\Yv\Documents\yv\project\cordova-react-starter
17 error Windows_NT 10.0.15063
18 error argv "C:\\Program Files\\nodejs\\node.exe" "C:\\Program Files\\nodejs\\node_modules\\npm\\bin\\npm-cli.js" "run" "android_dev"
19 error node v7.3.0
20 error npm  v3.10.10
21 error code ELIFECYCLE
22 error cordova-react-onsenui-starter@1.0.0 android_dev: `webpack --config webpack-dev.config.js --progress --colors && cordova run android`
22 error Exit status 1
23 error Failed at the cordova-react-onsenui-starter@1.0.0 android_dev script 'webpack --config webpack-dev.config.js --progress --colors && cordova run android'.
23 error Make sure you have the latest version of node.js and npm installed.
23 error If you do, this is most likely a problem with the cordova-react-onsenui-starter package,
23 error not with npm itself.
23 error Tell the author that this fails on your system:
23 error     webpack --config webpack-dev.config.js --progress --colors && cordova run android
23 error You can get information on how to open an issue for this project with:
23 error     npm bugs cordova-react-onsenui-starter
23 error Or if that isn't available, you can get their info via:
23 error     npm owner ls cordova-react-onsenui-starter
23 error There is likely additional logging output above.
24 verbose exit [ 1, true ]
